<?xml version="1.0" encoding="UTF-8"?>
<testsuite xmlns:xsi="http://www.w3.org/2001/XMLSchema-instance" xsi:noNamespaceSchemaLocation="https://maven.apache.org/surefire/maven-surefire-plugin/xsd/surefire-test-report-3.0.xsd" version="3.0" name="LionAlexTest" time="0.031" tests="6" errors="0" skipped="0" failures="0">
  <properties>
[...]
</properties>
  <testcase name="getFoodDelegatesToFeline" classname="LionAlexTest" time="0.007"/>
  <testcase name="getFriendsReturnsCorrectList" classname="LionAlexTest" time="0.001"/>
  <testcase name="doesHaveManeIsTrue" classname="LionAlexTest" time="0.001"/>
  <testcase name="getPlaceOfLivingReturnsZoo" classname="LionAlexTest" time="0.002"/>
  <testcase name="constructorDoesNotThrow" classname="LionAlexTest" time="0.004"/>
  <testcase name="getKittensReturnsZero" classname="LionAlexTest" time="0.002"/>
</testsuite>